*** Detected Distro is CentOS Linux  ***
*** Detected distro version 8 ***
Running deployment script for st2 ...
OS specific script cmd: bash ./st2_install_config.sh  --stable   --user=st2admin --password=****
Starting prerequisite steps and package installs
Installing Package GPG and Repo GPG Keys
Disabling nodejs module
CentOS-8 - AppStream                             54 kB/s | 7.9 kB     00:00    
CentOS-8 - Base                                 172 kB/s | 7.9 kB     00:00    
Last metadata expiration check: 0:11:30 ago on Mon 11 Dec 2023 01:51:14 PM UTC.
Dependencies resolved.
Nothing to do.
Complete!
Setting up static repos
Disabling epel nginx
Installing and Setting up Nodejs 14 for Chatops
Installing local packages
CentOS-8 - AppStream                            183 kB/s | 7.9 kB     00:00    
CentOS-8 - Base                                 139 kB/s | 7.9 kB     00:00    
Extra Packages for Enterprise Linux 8 - x86_64  139 kB/s |  26 kB     00:00    
Package apr-1.6.3-12.el8.x86_64 is already installed.
Package apr-util-1.6.1-6.el8.x86_64 is already installed.
Package apr-util-bdb-1.6.1-6.el8.x86_64 is already installed.
Package apr-util-openssl-1.6.1-6.el8.x86_64 is already installed.
Package checkpolicy-2.9-1.el8.x86_64 is already installed.
Package crudini-0.9.3-1.el8.noarch is already installed.
Package dejavu-fonts-common-2.35-7.el8.noarch is already installed.
Package dejavu-sans-fonts-2.35-7.el8.noarch is already installed.
Package dwz-0.12-10.el8.x86_64 is already installed.
Package efi-srpm-macros-3-3.el8.noarch is already installed.
Package emacs-filesystem-1:26.1-7.el8.noarch is already installed.
Package epel-release-8-19.el8.noarch is already installed.
Package erlang-25.3.2.7-1.el8.x86_64 is already installed.
Package fontconfig-2.13.1-4.el8.x86_64 is already installed.
Package fontpackages-filesystem-1.44-22.el8.noarch is already installed.
Package gd-2.2.5-7.el8.x86_64 is already installed.
Package ghc-srpm-macros-1.4.2-7.el8.noarch is already installed.
Package git-2.31.1-2.el8.x86_64 is already installed.
Package git-core-2.31.1-2.el8.x86_64 is already installed.
Package git-core-doc-2.31.1-2.el8.noarch is already installed.
Package go-srpm-macros-2-17.el8.noarch is already installed.
Package httpd-tools-2.4.37-47.module+el8.6.0+15654+427eba2e.2.x86_64 is already installed.
Package jbigkit-libs-2.1-14.el8.x86_64 is already installed.
Package keyutils-libs-devel-1.5.10-9.el8.x86_64 is already installed.
Package krb5-devel-1.18.2-14.el8.x86_64 is already installed.
Package libffi-3.1-23.el8.x86_64 is already installed.
Package libffi-devel-3.1-23.el8.x86_64 is already installed.
Package libicu-60.3-2.el8_1.x86_64 is already installed.
Package libjpeg-turbo-1.5.3-12.el8.x86_64 is already installed.
Package libkadm5-1.18.2-14.el8.x86_64 is already installed.
Package libselinux-devel-2.9-5.el8.x86_64 is already installed.
Package libsemanage-2.9-8.el8.x86_64 is already installed.
Package libsepol-devel-2.9-3.el8.x86_64 is already installed.
Package libtiff-4.0.9-21.el8.x86_64 is already installed.
Package libverto-devel-0.3.0-5.el8.x86_64 is already installed.
Package libwebp-1.0.0-5.el8.x86_64 is already installed.
Package libX11-1.6.8-5.el8.x86_64 is already installed.
Package libX11-common-1.6.8-5.el8.noarch is already installed.
Package libXau-1.0.9-3.el8.x86_64 is already installed.
Package libxcb-1.13.1-1.el8.x86_64 is already installed.
Package libXpm-3.5.12-8.el8.x86_64 is already installed.
Package make-1:4.2.1-11.el8.x86_64 is already installed.
Package net-tools-2.0-0.52.20160912git.el8.x86_64 is already installed.
Package nginx-debuginfo-1:1.22.1-1.el8.ngx.x86_64 is already installed.
Package ocaml-srpm-macros-5-4.el8.noarch is already installed.
Package openblas-srpm-macros-2-2.el8.noarch is already installed.
Package openssl-1:1.1.1k-9.el8_7.x86_64 is already installed.
Package openssl-devel-1:1.1.1k-9.el8_7.x86_64 is already installed.
Package openssl-libs-1:1.1.1k-9.el8_7.x86_64 is already installed.
Package pcre2-10.32-3.el8_6.x86_64 is already installed.
Package pcre2-devel-10.32-3.el8_6.x86_64 is already installed.
Package pcre2-utf16-10.32-3.el8_6.x86_64 is already installed.
Package pcre2-utf32-10.32-3.el8_6.x86_64 is already installed.
Package perl-4:5.26.3-421.el8.x86_64 is already installed.
Package perl-Algorithm-Diff-1.1903-9.el8.noarch is already installed.
Package perl-Archive-Tar-2.30-1.el8.noarch is already installed.
Package perl-Archive-Zip-1.60-3.el8.noarch is already installed.
Package perl-Attribute-Handlers-0.99-421.el8.noarch is already installed.
Package perl-autodie-2.29-396.el8.noarch is already installed.
Package perl-B-Debug-1.26-2.el8.noarch is already installed.
Package perl-bignum-0.49-2.el8.noarch is already installed.
Package perl-Carp-1.42-396.el8.noarch is already installed.
Package perl-Compress-Bzip2-2.26-6.el8.x86_64 is already installed.
Package perl-Compress-Raw-Bzip2-2.081-1.el8.x86_64 is already installed.
Package perl-Compress-Raw-Zlib-2.081-1.el8.x86_64 is already installed.
Package perl-Config-Perl-V-0.30-1.el8.noarch is already installed.
Package perl-constant-1.33-396.el8.noarch is already installed.
Package perl-CPAN-2.18-397.el8.noarch is already installed.
Package perl-CPAN-Meta-2.150010-396.el8.noarch is already installed.
Package perl-CPAN-Meta-Requirements-2.140-396.el8.noarch is already installed.
Package perl-CPAN-Meta-YAML-0.018-397.el8.noarch is already installed.
Package perl-Data-Dumper-2.167-399.el8.x86_64 is already installed.
Package perl-Data-OptList-0.110-6.el8.noarch is already installed.
Package perl-Data-Section-0.200007-3.el8.noarch is already installed.
Package perl-DB_File-1.842-1.el8.x86_64 is already installed.
Package perl-devel-4:5.26.3-421.el8.x86_64 is already installed.
Package perl-Devel-Peek-1.26-421.el8.x86_64 is already installed.
Package perl-Devel-PPPort-3.36-5.el8.x86_64 is already installed.
Package perl-Devel-SelfStubber-1.06-421.el8.noarch is already installed.
Package perl-Devel-Size-0.81-2.el8.x86_64 is already installed.
Package perl-Digest-1.17-395.el8.noarch is already installed.
Package perl-Digest-MD5-2.55-396.el8.x86_64 is already installed.
Package perl-Digest-SHA-1:6.02-1.el8.x86_64 is already installed.
Package perl-Encode-4:2.97-3.el8.x86_64 is already installed.
Package perl-Encode-devel-4:2.97-3.el8.x86_64 is already installed.
Package perl-Encode-Locale-1.05-10.module+el8.3.0+6498+9eecfe51.noarch is already installed.
Package perl-encoding-4:2.22-3.el8.x86_64 is already installed.
Package perl-Env-1.04-395.el8.noarch is already installed.
Package perl-Errno-1.28-421.el8.x86_64 is already installed.
Package perl-Error-1:0.17025-2.el8.noarch is already installed.
Package perl-experimental-0.019-2.el8.noarch is already installed.
Package perl-Exporter-5.72-396.el8.noarch is already installed.
Package perl-ExtUtils-CBuilder-1:0.280230-2.el8.noarch is already installed.
Package perl-ExtUtils-Command-1:7.34-1.el8.noarch is already installed.
Package perl-ExtUtils-Embed-1.34-421.el8.noarch is already installed.
Package perl-ExtUtils-Install-2.14-4.el8.noarch is already installed.
Package perl-ExtUtils-MakeMaker-1:7.34-1.el8.noarch is already installed.
Package perl-ExtUtils-Manifest-1.70-395.el8.noarch is already installed.
Package perl-ExtUtils-Miniperl-1.06-421.el8.noarch is already installed.
Package perl-ExtUtils-MM-Utils-1:7.34-1.el8.noarch is already installed.
Package perl-ExtUtils-ParseXS-1:3.35-2.el8.noarch is already installed.
Package perl-File-Fetch-0.56-2.el8.noarch is already installed.
Package perl-File-HomeDir-1.002-4.el8.noarch is already installed.
Package perl-File-Path-2.15-2.el8.noarch is already installed.
Package perl-File-Temp-0.230.600-1.el8.noarch is already installed.
Package perl-File-Which-1.22-2.el8.noarch is already installed.
Package perl-Filter-2:1.58-2.el8.x86_64 is already installed.
Package perl-Filter-Simple-0.94-2.el8.noarch is already installed.
Package perl-Getopt-Long-1:2.50-4.el8.noarch is already installed.
Package perl-Git-2.31.1-2.el8.noarch is already installed.
Package perl-HTTP-Tiny-0.074-1.el8.noarch is already installed.
Package perl-inc-latest-2:0.500-9.el8.noarch is already installed.
Package perl-interpreter-4:5.26.3-421.el8.x86_64 is already installed.
Package perl-IO-1.38-421.el8.x86_64 is already installed.
Package perl-IO-Compress-2.081-1.el8.noarch is already installed.
Package perl-IO-Socket-IP-0.39-5.el8.noarch is already installed.
Package perl-IO-Socket-SSL-2.066-4.module+el8.3.0+6446+594cad75.noarch is already installed.
Package perl-IO-Zlib-1:1.10-421.el8.noarch is already installed.
Package perl-IPC-Cmd-2:1.02-1.el8.noarch is already installed.
Package perl-IPC-System-Simple-1.25-17.el8.noarch is already installed.
Package perl-IPC-SysV-2.07-397.el8.x86_64 is already installed.
Package perl-JSON-PP-1:2.97.001-3.el8.noarch is already installed.
Package perl-libnet-3.11-3.el8.noarch is already installed.
Package perl-libnetcfg-4:5.26.3-421.el8.noarch is already installed.
Package perl-libs-4:5.26.3-421.el8.x86_64 is already installed.
Package perl-Locale-Codes-3.57-1.el8.noarch is already installed.
Package perl-Locale-Maketext-1.28-396.el8.noarch is already installed.
Package perl-Locale-Maketext-Simple-1:0.21-421.el8.noarch is already installed.
Package perl-local-lib-2.000024-2.el8.noarch is already installed.
Package perl-macros-4:5.26.3-421.el8.x86_64 is already installed.
Package perl-Math-BigInt-1:1.9998.11-7.el8.noarch is already installed.
Package perl-Math-BigInt-FastCalc-0.500.600-6.el8.x86_64 is already installed.
Package perl-Math-BigRat-0.2614-1.el8.noarch is already installed.
Package perl-Math-Complex-1.59-421.el8.noarch is already installed.
Package perl-Memoize-1.03-421.el8.noarch is already installed.
Package perl-MIME-Base64-3.15-396.el8.x86_64 is already installed.
Package perl-Module-Build-2:0.42.24-5.el8.noarch is already installed.
Package perl-Module-CoreList-1:5.20181130-1.el8.noarch is already installed.
Package perl-Module-CoreList-tools-1:5.20181130-1.el8.noarch is already installed.
Package perl-Module-Load-1:0.32-395.el8.noarch is already installed.
Package perl-Module-Load-Conditional-0.68-395.el8.noarch is already installed.
Package perl-Module-Loaded-1:0.08-421.el8.noarch is already installed.
Package perl-Module-Metadata-1.000033-395.el8.noarch is already installed.
Package perl-Mozilla-CA-20160104-7.module+el8.3.0+6498+9eecfe51.noarch is already installed.
Package perl-MRO-Compat-0.13-4.el8.noarch is already installed.
Package perl-Net-Ping-2.55-421.el8.noarch is already installed.
Package perl-Net-SSLeay-1.88-2.module+el8.6.0+13392+f0897f98.x86_64 is already installed.
Package perl-open-1.11-421.el8.noarch is already installed.
Package perl-Package-Generator-1.106-11.el8.noarch is already installed.
Package perl-Params-Check-1:0.38-395.el8.noarch is already installed.
Package perl-Params-Util-1.07-22.el8.x86_64 is already installed.
Package perl-parent-1:0.237-1.el8.noarch is already installed.
Package perl-PathTools-3.74-1.el8.x86_64 is already installed.
Package perl-perlfaq-5.20180605-1.el8.noarch is already installed.
Package perl-PerlIO-via-QuotedPrint-0.08-395.el8.noarch is already installed.
Package perl-Perl-OSType-1.010-396.el8.noarch is already installed.
Package perl-Pod-Checker-4:1.73-395.el8.noarch is already installed.
Package perl-Pod-Escapes-1:1.07-395.el8.noarch is already installed.
Package perl-Pod-Html-1.22.02-421.el8.noarch is already installed.
Package perl-podlators-4.11-1.el8.noarch is already installed.
Package perl-Pod-Parser-1.63-396.el8.noarch is already installed.
Package perl-Pod-Perldoc-3.28-396.el8.noarch is already installed.
Package perl-Pod-Simple-1:3.35-395.el8.noarch is already installed.
Package perl-Pod-Usage-4:1.69-395.el8.noarch is already installed.
Package perl-Scalar-List-Utils-3:1.49-2.el8.x86_64 is already installed.
Package perl-SelfLoader-1.23-421.el8.noarch is already installed.
Package perl-Socket-4:2.027-3.el8.x86_64 is already installed.
Package perl-Software-License-0.103013-2.el8.noarch is already installed.
Package perl-srpm-macros-1-25.el8.noarch is already installed.
Package perl-Storable-1:3.11-3.el8.x86_64 is already installed.
Package perl-Sub-Exporter-0.987-15.el8.noarch is already installed.
Package perl-Sub-Install-0.928-14.el8.noarch is already installed.
Package perl-Sys-Syslog-0.35-397.el8.x86_64 is already installed.
Package perl-Term-ANSIColor-4.06-396.el8.noarch is already installed.
Package perl-Term-Cap-1.17-395.el8.noarch is already installed.
Package perl-TermReadKey-2.37-7.el8.x86_64 is already installed.
Package perl-Test-1.30-421.el8.noarch is already installed.
Package perl-Test-Harness-1:3.42-1.el8.noarch is already installed.
Package perl-Test-Simple-1:1.302135-1.el8.noarch is already installed.
Package perl-Text-Balanced-2.03-395.el8.noarch is already installed.
Package perl-Text-Diff-1.45-2.el8.noarch is already installed.
Package perl-Text-Glob-0.11-4.el8.noarch is already installed.
Package perl-Text-ParseWords-3.30-395.el8.noarch is already installed.
Package perl-Text-Tabs+Wrap-2013.0523-395.el8.noarch is already installed.
Package perl-Text-Template-1.51-1.el8.noarch is already installed.
Package perl-Thread-Queue-3.13-1.el8.noarch is already installed.
Package perl-threads-1:2.21-2.el8.x86_64 is already installed.
Package perl-threads-shared-1.58-2.el8.x86_64 is already installed.
Package perl-Time-HiRes-4:1.9758-2.el8.x86_64 is already installed.
Package perl-Time-Local-1:1.280-1.el8.noarch is already installed.
Package perl-Time-Piece-1.31-421.el8.x86_64 is already installed.
Package perl-Unicode-Collate-1.25-2.el8.x86_64 is already installed.
Package perl-Unicode-Normalize-1.25-396.el8.x86_64 is already installed.
Package perl-URI-1.73-3.el8.noarch is already installed.
Package perl-utils-5.26.3-421.el8.noarch is already installed.
Package perl-version-6:0.99.24-1.el8.x86_64 is already installed.
Package platform-python-pip-9.0.3-22.el8.noarch is already installed.
Package policycoreutils-2.9-16.el8.x86_64 is already installed.
Package policycoreutils-python-utils-2.9-16.el8.noarch is already installed.
Package puppet-bolt-3.27.4-1.el8.x86_64 is already installed.
Package python36-3.6.8-38.module+el8.5.0+12207+5c5719bc.x86_64 is already installed.
Package python38-3.8.12-1.module+el8.6.0+12642+c3710b74.x86_64 is already installed.
Package python38-devel-3.8.12-1.module+el8.6.0+12642+c3710b74.x86_64 is already installed.
Package python38-libs-3.8.12-1.module+el8.6.0+12642+c3710b74.x86_64 is already installed.
Package python38-pip-19.3.1-5.module+el8.6.0+13002+70cfc74a.noarch is already installed.
Package python38-pip-wheel-19.3.1-5.module+el8.6.0+13002+70cfc74a.noarch is already installed.
Package python38-setuptools-41.6.0-5.module+el8.5.0+12205+a865257a.noarch is already installed.
Package python38-setuptools-wheel-41.6.0-5.module+el8.5.0+12205+a865257a.noarch is already installed.
Package python3-libsemanage-2.9-8.el8.x86_64 is already installed.
Package python3-pip-9.0.3-22.el8.noarch is already installed.
Package python3-policycoreutils-2.9-16.el8.noarch is already installed.
Package python3-pyparsing-2.1.10-7.el8.noarch is already installed.
Package python3-rpm-macros-3-41.el8.noarch is already installed.
Package python3-setools-4.3.0-3.el8.x86_64 is already installed.
Package python3-setuptools-39.2.0-6.el8.noarch is already installed.
Package python-rpm-macros-3-41.el8.noarch is already installed.
Package python-srpm-macros-3-41.el8.noarch is already installed.
Package qt5-srpm-macros-5.15.2-1.el8.noarch is already installed.
Package rust-srpm-macros-5-2.el8.noarch is already installed.
Package systemtap-sdt-devel-4.6-4.el8.x86_64 is already installed.
Package unzip-6.0-46.el8.x86_64 is already installed.
Package zip-3.0-23.el8.x86_64 is already installed.
Package zlib-1.2.11-21.el8_7.x86_64 is already installed.
Package zlib-devel-1.2.11-21.el8_7.x86_64 is already installed.
Dependencies resolved.
==================================================================================================
 Package                     Arch    Version                               Repository         Size
==================================================================================================
Installing:
 mongodb-org                 x86_64  4.0.28-1.el8                          @commandline       11 k
 mongodb-org-mongos          x86_64  4.0.28-1.el8                          @commandline      9.7 M
 mongodb-org-server          x86_64  4.0.28-1.el8                          @commandline       17 M
 mongodb-org-shell           x86_64  4.0.28-1.el8                          @commandline       10 M
 mongodb-org-tools           x86_64  4.0.28-1.el8                          @commandline       39 M
 nginx                       x86_64  1:1.22.1-1.el8.ngx                    @commandline      828 k
 nginx-module-image-filter   x86_64  1:1.22.1-1.el8.ngx                    @commandline       31 k
 nginx-module-njs            x86_64  1:1.22.1+0.7.7-1.el8.ngx              @commandline      725 k
 nginx-module-perl           x86_64  1:1.22.1-1.el8.ngx                    @commandline       47 k
 nginx-module-xslt           x86_64  1:1.22.1-1.el8.ngx                    @commandline       28 k
 nodejs                      x86_64  2:14.20.0-1nodesource                 @commandline       33 M
 rabbitmq-server             noarch  3.12.8-1.el8                          @commandline       17 M
 redis                       x86_64  5.0.3-5.module+el8.4.0+12927+b9845322 @commandline      927 k
 st2                         x86_64  3.8.0-2                               @commandline       28 M
 st2chatops                  x86_64  3.8.0-1                               @commandline       34 M
 st2web                      x86_64  3.8.0-1                               @commandline      2.4 M
Installing dependencies:
 libxslt                     x86_64  1.1.32-6.el8                          BaseOS-openlogic  250 k

Transaction Summary
==================================================================================================
Install  17 Packages

Total size: 192 M
Total download size: 250 k
Installed size: 653 M
Downloading Packages:
libxslt-1.1.32-6.el8.x86_64.rpm                 6.6 MB/s | 250 kB     00:00    
--------------------------------------------------------------------------------
Total                                           6.4 MB/s | 250 kB     00:00     
Running transaction check
Transaction check succeeded.
Running transaction test
Transaction test succeeded.
Running transaction
  Preparing        :                                                        1/1 
  Running scriptlet: nginx-1:1.22.1-1.el8.ngx.x86_64                       1/17 
  Installing       : nginx-1:1.22.1-1.el8.ngx.x86_64                       1/17 
  Running scriptlet: nginx-1:1.22.1-1.el8.ngx.x86_64                       1/17 
----------------------------------------------------------------------

Thanks for using nginx!

Please find the official documentation for nginx here:
* https://nginx.org/en/docs/

Please subscribe to nginx-announce mailing list to get
the most important news about nginx:
* https://nginx.org/en/support.html

Commercial subscriptions for nginx are available on:
* https://nginx.com/products/

----------------------------------------------------------------------

  Running scriptlet: nodejs-2:14.20.0-1nodesource.x86_64                   2/17 
  Installing       : nodejs-2:14.20.0-1nodesource.x86_64                   2/17 
  Installing       : mongodb-org-tools-4.0.28-1.el8.x86_64                 3/17 
  Installing       : mongodb-org-shell-4.0.28-1.el8.x86_64                 4/17 
  Running scriptlet: mongodb-org-server-4.0.28-1.el8.x86_64                5/17 
  Installing       : mongodb-org-server-4.0.28-1.el8.x86_64                5/17 
  Running scriptlet: mongodb-org-server-4.0.28-1.el8.x86_64                5/17 
Created symlink /etc/systemd/system/multi-user.target.wants/mongod.service → /usr/lib/systemd/system/mongod.service.

  Installing       : mongodb-org-mongos-4.0.28-1.el8.x86_64                6/17 
  Installing       : libxslt-1.1.32-6.el8.x86_64                           7/17 
  Installing       : nginx-module-xslt-1:1.22.1-1.el8.ngx.x86_64           8/17 
  Running scriptlet: nginx-module-xslt-1:1.22.1-1.el8.ngx.x86_64           8/17 
----------------------------------------------------------------------

The xslt dynamic module for nginx has been installed.
To enable this module, add the following to /etc/nginx/nginx.conf
and reload nginx:

    load_module modules/ngx_http_xslt_filter_module.so;

Please refer to the module documentation for further details:
https://nginx.org/en/docs/http/ngx_http_xslt_module.html

----------------------------------------------------------------------

  Installing       : mongodb-org-4.0.28-1.el8.x86_64                       9/17 
  Running scriptlet: st2chatops-3.8.0-1.x86_64                            10/17 
  Installing       : st2chatops-3.8.0-1.x86_64                            10/17 
  Installing       : nginx-module-image-filter-1:1.22.1-1.el8.ngx.x86_6   11/17 
  Running scriptlet: nginx-module-image-filter-1:1.22.1-1.el8.ngx.x86_6   11/17 
----------------------------------------------------------------------

The image filter dynamic module for nginx has been installed.
To enable this module, add the following to /etc/nginx/nginx.conf
and reload nginx:

    load_module modules/ngx_http_image_filter_module.so;

Please refer to the module documentation for further details:
https://nginx.org/en/docs/http/ngx_http_image_filter_module.html

----------------------------------------------------------------------

  Installing       : nginx-module-njs-1:1.22.1+0.7.7-1.el8.ngx.x86_64     12/17 
  Running scriptlet: nginx-module-njs-1:1.22.1+0.7.7-1.el8.ngx.x86_64     12/17 
----------------------------------------------------------------------

The njs dynamic modules for nginx have been installed.
To enable these modules, add the following to /etc/nginx/nginx.conf
and reload nginx:

    load_module modules/ngx_http_js_module.so;
    load_module modules/ngx_stream_js_module.so;

Please refer to the modules documentation for further details:
https://nginx.org/en/docs/njs/
https://nginx.org/en/docs/http/ngx_http_js_module.html
https://nginx.org/en/docs/stream/ngx_stream_js_module.html

----------------------------------------------------------------------

  Installing       : nginx-module-perl-1:1.22.1-1.el8.ngx.x86_64          13/17 
  Running scriptlet: nginx-module-perl-1:1.22.1-1.el8.ngx.x86_64          13/17 
----------------------------------------------------------------------

The Perl dynamic module for nginx has been installed.
To enable this module, add the following to /etc/nginx/nginx.conf
and reload nginx:

    load_module modules/ngx_http_perl_module.so;

Please refer to the module documentation for further details:
https://nginx.org/en/docs/http/ngx_http_perl_module.html

----------------------------------------------------------------------

  Installing       : st2web-3.8.0-1.x86_64                                14/17 
  Running scriptlet: st2-3.8.0-2.x86_64                                   15/17 
  Installing       : st2-3.8.0-2.x86_64                                   15/17 
  Running scriptlet: st2-3.8.0-2.x86_64                                   15/17 
  Running scriptlet: redis-5.0.3-5.module+el8.4.0+12927+b9845322.x86_64   16/17 
  Installing       : redis-5.0.3-5.module+el8.4.0+12927+b9845322.x86_64   16/17 
  Running scriptlet: redis-5.0.3-5.module+el8.4.0+12927+b9845322.x86_64   16/17 
  Running scriptlet: rabbitmq-server-3.12.8-1.el8.noarch                  17/17 
  Installing       : rabbitmq-server-3.12.8-1.el8.noarch                  17/17 
  Running scriptlet: rabbitmq-server-3.12.8-1.el8.noarch                  17/17 
  Verifying        : libxslt-1.1.32-6.el8.x86_64                           1/17 
  Verifying        : mongodb-org-4.0.28-1.el8.x86_64                       2/17 
  Verifying        : mongodb-org-mongos-4.0.28-1.el8.x86_64                3/17 
  Verifying        : mongodb-org-server-4.0.28-1.el8.x86_64                4/17 
  Verifying        : mongodb-org-shell-4.0.28-1.el8.x86_64                 5/17 
  Verifying        : mongodb-org-tools-4.0.28-1.el8.x86_64                 6/17 
  Verifying        : nginx-1:1.22.1-1.el8.ngx.x86_64                       7/17 
  Verifying        : nginx-module-image-filter-1:1.22.1-1.el8.ngx.x86_6    8/17 
  Verifying        : nginx-module-njs-1:1.22.1+0.7.7-1.el8.ngx.x86_64      9/17 
  Verifying        : nginx-module-perl-1:1.22.1-1.el8.ngx.x86_64          10/17 
  Verifying        : nginx-module-xslt-1:1.22.1-1.el8.ngx.x86_64          11/17 
  Verifying        : nodejs-2:14.20.0-1nodesource.x86_64                  12/17 
  Verifying        : rabbitmq-server-3.12.8-1.el8.noarch                  13/17 
  Verifying        : redis-5.0.3-5.module+el8.4.0+12927+b9845322.x86_64   14/17 
  Verifying        : st2-3.8.0-2.x86_64                                   15/17 
  Verifying        : st2chatops-3.8.0-1.x86_64                            16/17 
  Verifying        : st2web-3.8.0-1.x86_64                                17/17 

Installed:
  libxslt-1.1.32-6.el8.x86_64                                                   
  mongodb-org-4.0.28-1.el8.x86_64                                               
  mongodb-org-mongos-4.0.28-1.el8.x86_64                                        
  mongodb-org-server-4.0.28-1.el8.x86_64                                        
  mongodb-org-shell-4.0.28-1.el8.x86_64                                         
  mongodb-org-tools-4.0.28-1.el8.x86_64                                         
  nginx-1:1.22.1-1.el8.ngx.x86_64                                               
  nginx-module-image-filter-1:1.22.1-1.el8.ngx.x86_64                           
  nginx-module-njs-1:1.22.1+0.7.7-1.el8.ngx.x86_64                              
  nginx-module-perl-1:1.22.1-1.el8.ngx.x86_64                                   
  nginx-module-xslt-1:1.22.1-1.el8.ngx.x86_64                                   
  nodejs-2:14.20.0-1nodesource.x86_64                                           
  rabbitmq-server-3.12.8-1.el8.noarch                                           
  redis-5.0.3-5.module+el8.4.0+12927+b9845322.x86_64                            
  st2-3.8.0-2.x86_64                                                            
  st2chatops-3.8.0-1.x86_64                                                     
  st2web-3.8.0-1.x86_64                                                         
Skipped:
  curl-7.61.1-22.el8_6.4.x86_64         glibc-gconv-extra-2.28-225.el8.x86_64   
  libcom_err-1.45.6-4.el8.x86_64        libcom_err-devel-1.45.6-4.el8.x86_64    
  libcurl-7.61.1-22.el8_6.4.x86_64      python3-audit-3.0.7-2.el8.2.x86_64      
  redhat-rpm-config-131-1.el8.noarch    yum-utils-4.0.21-11.el8.noarch          

Complete!
Moving back to the scripts directory
Finished prerequisite steps and package installs
20231211T140338+0000 ########################################################
20231211T140338+0000           Installing st2 stable               
20231211T140338+0000 ########################################################
20231211T140353+0000 Created symlink /etc/systemd/system/multi-user.target.wants/rabbitmq-server.service → /usr/lib/systemd/system/rabbitmq-server.service.
20231211T140354+0000 Adding user "stackstorm" ...
20231211T140354+0000 Done. Don't forget to grant the user permissions to some virtual hosts! See 'rabbitmqctl help set_permissions' to learn more.
20231211T140355+0000 Deleting user "guest" ...
20231211T140356+0000 Setting tags for user "stackstorm" to [administrator] ...
20231211T140356+0000 Setting permissions for user "stackstorm" in vhost "/" ...
20231211T140403+0000 MongoDB shell version v4.0.28
20231211T140403+0000 connecting to: mongodb://127.0.0.1:27017/?gssapiServiceName=mongodb
20231211T140403+0000 Implicit session: session { "id" : UUID("3d718717-3ab1-4e45-86d0-c7d0d75fb81b") }
20231211T140403+0000 MongoDB server version: 4.0.28
20231211T140403+0000 switched to db admin
20231211T140403+0000 Successfully added user: {
20231211T140403+0000 	"user" : "admin",
20231211T140403+0000 	"roles" : [
20231211T140403+0000 		{
20231211T140403+0000 			"role" : "userAdminAnyDatabase",
20231211T140403+0000 			"db" : "admin"
20231211T140403+0000 		}
20231211T140403+0000 	]
20231211T140403+0000 }
20231211T140403+0000 bye
20231211T140403+0000 MongoDB shell version v4.0.28
20231211T140403+0000 connecting to: mongodb://127.0.0.1:27017/?gssapiServiceName=mongodb
20231211T140403+0000 Implicit session: session { "id" : UUID("f0830651-c672-44ec-8a4d-5037c8d89596") }
20231211T140403+0000 MongoDB server version: 4.0.28
20231211T140403+0000 switched to db st2
20231211T140403+0000 Successfully added user: {
20231211T140403+0000 	"user" : "stackstorm",
20231211T140403+0000 	"roles" : [
20231211T140403+0000 		{
20231211T140403+0000 			"role" : "readWrite",
20231211T140403+0000 			"db" : "st2"
20231211T140403+0000 		}
20231211T140403+0000 	]
20231211T140403+0000 }
20231211T140403+0000 bye
20231211T140405+0000 Created symlink /etc/systemd/system/multi-user.target.wants/redis.service → /usr/lib/systemd/system/redis.service.
20231211T140407+0000 ##### st2 components status #####
20231211T140408+0000 st2actionrunner PID: 18314
20231211T140408+0000 st2actionrunner PID: 18316
20231211T140408+0000 st2actionrunner PID: 18318
20231211T140408+0000 st2actionrunner PID: 18320
20231211T140408+0000 st2actionrunner PID: 18322
20231211T140408+0000 st2actionrunner PID: 18324
20231211T140408+0000 st2actionrunner PID: 18326
20231211T140408+0000 st2actionrunner PID: 18328
20231211T140408+0000 st2actionrunner PID: 18330
20231211T140408+0000 st2actionrunner PID: 18332
20231211T140408+0000 st2api PID: 18336
20231211T140408+0000 st2api PID: 18394
20231211T140408+0000 st2stream PID: 18340
20231211T140408+0000 st2stream PID: 18411
20231211T140408+0000 st2auth PID: 18343
20231211T140408+0000 st2garbagecollector PID: 18346
20231211T140408+0000 st2notifier PID: 18350
20231211T140409+0000 st2rulesengine PID: 18355
20231211T140409+0000 st2sensorcontainer PID: 18360
20231211T140409+0000 st2chatops is not running.
20231211T140409+0000 st2timersengine PID: 18370
20231211T140409+0000 st2workflowengine PID: 18379
20231211T140409+0000 st2scheduler PID: 18383
20231211T140409+0000 Registering content...[flags = --config-file /etc/st2/st2.conf --register-all]
20231211T140411+0000 2023-12-11 14:04:11,936 INFO [-] Connecting to database "st2" @ "127.0.0.1:27017" as user "stackstorm".
20231211T140411+0000 2023-12-11 14:04:11,943 INFO [-] Successfully connected to database "st2" @ "127.0.0.1:27017" as user "stackstorm".
20231211T140417+0000 2023-12-11 14:04:17,256 INFO [-] =========================================================
20231211T140417+0000 2023-12-11 14:04:17,256 INFO [-] ############## Registering triggers #####################
20231211T140417+0000 2023-12-11 14:04:17,256 INFO [-] =========================================================
20231211T140417+0000 2023-12-11 14:04:17,394 INFO [-] Registered 0 triggers.
20231211T140417+0000 2023-12-11 14:04:17,394 INFO [-] =========================================================
20231211T140417+0000 2023-12-11 14:04:17,394 INFO [-] ############## Registering sensors ######################
20231211T140417+0000 2023-12-11 14:04:17,394 INFO [-] =========================================================
20231211T140417+0000 2023-12-11 14:04:17,438 INFO [-] Registered 1 sensors.
20231211T140417+0000 2023-12-11 14:04:17,438 INFO [-] 0 sensors had their metadata overridden.
20231211T140417+0000 2023-12-11 14:04:17,438 INFO [-] =========================================================
20231211T140417+0000 2023-12-11 14:04:17,438 INFO [-] ############## Registering runners ######################
20231211T140417+0000 2023-12-11 14:04:17,438 INFO [-] =========================================================
20231211T140419+0000 2023-12-11 14:04:19,382 INFO [-] Registered 14 runners.
20231211T140419+0000 2023-12-11 14:04:19,382 INFO [-] =========================================================
20231211T140419+0000 2023-12-11 14:04:19,382 INFO [-] ############## Registering actions ######################
20231211T140419+0000 2023-12-11 14:04:19,382 INFO [-] =========================================================
20231211T140420+0000 2023-12-11 14:04:20,173 INFO [-] Registered 57 actions.
20231211T140420+0000 2023-12-11 14:04:20,173 INFO [-] 0 actions had their metadata overridden.
20231211T140420+0000 2023-12-11 14:04:20,173 INFO [-] =========================================================
20231211T140420+0000 2023-12-11 14:04:20,174 INFO [-] ############## Registering rules ########################
20231211T140420+0000 2023-12-11 14:04:20,174 INFO [-] =========================================================
20231211T140420+0000 2023-12-11 14:04:20,257 INFO [-] Registered 2 rules.
20231211T140420+0000 2023-12-11 14:04:20,257 INFO [-] 0 rules had their metadata overridden.
20231211T140420+0000 2023-12-11 14:04:20,257 INFO [-] =========================================================
20231211T140420+0000 2023-12-11 14:04:20,257 INFO [-] ############## Registering aliases ######################
20231211T140420+0000 2023-12-11 14:04:20,257 INFO [-] =========================================================
20231211T140420+0000 2023-12-11 14:04:20,298 INFO [-] Registered 4 aliases.
20231211T140420+0000 2023-12-11 14:04:20,298 INFO [-] 0 aliases had their metadata overridden.
20231211T140420+0000 2023-12-11 14:04:20,299 INFO [-] =========================================================
20231211T140420+0000 2023-12-11 14:04:20,299 INFO [-] ############## Registering policy types #################
20231211T140420+0000 2023-12-11 14:04:20,299 INFO [-] =========================================================
20231211T140420+0000 2023-12-11 14:04:20,320 INFO [-] Registered 3 policy types.
20231211T140420+0000 2023-12-11 14:04:20,320 INFO [-] =========================================================
20231211T140420+0000 2023-12-11 14:04:20,320 INFO [-] ############## Registering policies #####################
20231211T140420+0000 2023-12-11 14:04:20,320 INFO [-] =========================================================
20231211T140420+0000 2023-12-11 14:04:20,320 INFO [-] Registered 0 policies.
20231211T140420+0000 2023-12-11 14:04:20,320 INFO [-] =========================================================
20231211T140420+0000 2023-12-11 14:04:20,320 INFO [-] ############## Registering configs ######################
20231211T140420+0000 2023-12-11 14:04:20,320 INFO [-] =========================================================
20231211T140420+0000 2023-12-11 14:04:20,321 INFO [-] Registered 0 configs.
20231211T140420+0000 ##### st2 components status #####
20231211T140420+0000 st2actionrunner PID: 18314
20231211T140420+0000 st2actionrunner PID: 18316
20231211T140420+0000 st2actionrunner PID: 18318
20231211T140420+0000 st2actionrunner PID: 18320
20231211T140420+0000 st2actionrunner PID: 18322
20231211T140420+0000 st2actionrunner PID: 18324
20231211T140420+0000 st2actionrunner PID: 18326
20231211T140420+0000 st2actionrunner PID: 18328
20231211T140420+0000 st2actionrunner PID: 18330
20231211T140420+0000 st2actionrunner PID: 18332
20231211T140420+0000 st2api PID: 18336
20231211T140420+0000 st2api PID: 18394
20231211T140420+0000 st2stream PID: 18340
20231211T140420+0000 st2stream PID: 18411
20231211T140420+0000 st2auth PID: 18343
20231211T140420+0000 st2auth PID: 18429
20231211T140420+0000 st2garbagecollector PID: 18346
20231211T140420+0000 st2notifier PID: 18350
20231211T140420+0000 st2rulesengine PID: 18355
20231211T140420+0000 st2sensorcontainer PID: 18360
20231211T140420+0000 st2chatops is not running.
20231211T140420+0000 st2timersengine PID: 18370
20231211T140420+0000 st2workflowengine PID: 18379
20231211T140420+0000 st2scheduler PID: 18383
20231211T140420+0000 uid=1002(stanley) gid=1002(stanley) groups=1002(stanley)
20231211T140421+0000 Generating public/private rsa key pair.
20231211T140421+0000 Your identification has been saved in /home/stanley/.ssh/stanley_rsa.
20231211T140421+0000 Your public key has been saved in /home/stanley/.ssh/stanley_rsa.pub.
20231211T140421+0000 The key fingerprint is:
20231211T140421+0000 SHA256:PbQXV0SiGnZwkklPOtiIKkZ29F44P8WgGAOHO6gRwsg root@BAOdevVM02
20231211T140421+0000 The key's randomart image is:
20231211T140421+0000 +---[RSA 3072]----+
20231211T140421+0000 |+ .o=   ..+oo .o+|
20231211T140421+0000 |+E.o = + *oB . o |
20231211T140421+0000 |.oo.o * + X = .  |
20231211T140421+0000 |ooo. o + = * o   |
20231211T140421+0000 |..o.. . S = .    |
20231211T140421+0000 |.. .     . o     |
20231211T140421+0000 |                 |
20231211T140421+0000 |                 |
20231211T140421+0000 |                 |
20231211T140421+0000 +----[SHA256]-----+
20231211T140421+0000 Adding password for user st2admin
20231211T140424+0000 Key written to /etc/st2/keys/datastore_key.json. Secure the permissions so only StackStorm API process and StackStorm admin access the file.
20231211T140439+0000 st2 3.8.0, on Python 3.8.12
20231211T140440+0000 usage: st2 [-h] [--version] [--url BASE_URL] [--auth-url AUTH_URL]
20231211T140440+0000            [--api-url API_URL] [--stream-url STREAM_URL]
20231211T140440+0000            [--api-version API_VERSION] [--cacert CACERT]
20231211T140440+0000            [--basic-auth BASIC_AUTH] [--config-file CONFIG_FILE]
20231211T140440+0000            [--print-config] [--skip-config] [--debug]
20231211T140440+0000            {run,action,action-alias,auth,login,whoami,apikey,execution,inquiry,key,pack,policy,policy-type,rule,webhook,timer,runner,sensor,trace,trigger,trigger-instance,rule-enforcement,workflow,service-registry,role,role-assignment}
20231211T140440+0000            ...
20231211T140440+0000 
20231211T140440+0000 CLI for StackStorm event-driven automation platform. https://stackstorm.com
20231211T140440+0000 
20231211T140440+0000 positional arguments:
20231211T140440+0000   {run,action,action-alias,auth,login,whoami,apikey,execution,inquiry,key,pack,policy,policy-type,rule,webhook,timer,runner,sensor,trace,trigger,trigger-instance,rule-enforcement,workflow,service-registry,role,role-assignment}
20231211T140440+0000     run                 Invoke an action manually.
20231211T140440+0000     action              An activity that happens as a response to the external
20231211T140440+0000                         event.
20231211T140440+0000     action-alias        Action aliases.
20231211T140440+0000     auth                Authenticate user and acquire access token.
20231211T140440+0000     login               Authenticate user, acquire access token, and update
20231211T140440+0000                         CLI config directory
20231211T140440+0000     whoami              Display the currently authenticated user
20231211T140440+0000     apikey              API Keys.
20231211T140440+0000     execution           An invocation of an action.
20231211T140440+0000     inquiry             Inquiries provide an opportunity to ask a question and
20231211T140440+0000                         wait for a response in a workflow.
20231211T140440+0000     key                 Key value pair is used to store commonly used
20231211T140440+0000                         configuration for reuse in sensors, actions, and
20231211T140440+0000                         rules.
20231211T140440+0000     pack                A group of related integration resources: actions,
20231211T140440+0000                         rules, and sensors.
20231211T140440+0000     policy              Policy that is enforced on a resource.
20231211T140440+0000     policy-type         Type of policy that can be applied to resources.
20231211T140440+0000     rule                A specification to invoke an "action" on a "trigger"
20231211T140440+0000                         selectively based on some criteria.
20231211T140440+0000     webhook             Webhooks.
20231211T140440+0000     timer               Timers.
20231211T140440+0000     runner              Runner is a type of handler for a specific class of
20231211T140440+0000                         actions.
20231211T140440+0000     sensor              An adapter which allows you to integrate StackStorm
20231211T140440+0000                         with external system.
20231211T140440+0000     trace               A group of executions, rules and triggerinstances that
20231211T140440+0000                         are related.
20231211T140440+0000     trigger             An external event that is mapped to a st2 input. It is
20231211T140440+0000                         the st2 invocation point.
20231211T140440+0000     trigger-instance    Actual instances of triggers received by st2.
20231211T140440+0000     rule-enforcement    Models that represent enforcement of rules.
20231211T140440+0000     workflow            Commands for workflow authoring related operations.
20231211T140440+0000                         Only orquesta workflows are supported.
20231211T140440+0000     service-registry    Service registry group and membership related
20231211T140440+0000                         commands.
20231211T140440+0000     role                RBAC roles.
20231211T140440+0000     role-assignment     RBAC role assignments.
20231211T140440+0000 
20231211T140440+0000 optional arguments:
20231211T140440+0000   -h, --help            show this help message and exit
20231211T140440+0000   --version             show program's version number and exit
20231211T140440+0000   --url BASE_URL        Base URL for the API servers. Assumes all servers use
20231211T140440+0000                         the same base URL and default ports are used. Get
20231211T140440+0000                         ST2_BASE_URL from the environment variables by
20231211T140440+0000                         default.
20231211T140440+0000   --auth-url AUTH_URL   URL for the authentication service. Get ST2_AUTH_URL
20231211T140440+0000                         from the environment variables by default.
20231211T140440+0000   --api-url API_URL     URL for the API server. Get ST2_API_URL from the
20231211T140440+0000                         environment variables by default.
20231211T140440+0000   --stream-url STREAM_URL
20231211T140440+0000                         URL for the stream endpoint. Get ST2_STREAM_URLfrom
20231211T140440+0000                         the environment variables by default.
20231211T140440+0000   --api-version API_VERSION
20231211T140440+0000                         API version to use. Get ST2_API_VERSION from the
20231211T140440+0000                         environment variables by default.
20231211T140440+0000   --cacert CACERT       Path to the CA cert bundle for the SSL endpoints. Get
20231211T140440+0000                         ST2_CACERT from the environment variables by default.
20231211T140440+0000                         If this is not provided, then SSL cert will not be
20231211T140440+0000                         verified.
20231211T140440+0000   --basic-auth BASIC_AUTH
20231211T140440+0000                         Optional additional basic auth credentials used to
20231211T140440+0000                         authenticate
20231211T140440+0000   --config-file CONFIG_FILE
20231211T140440+0000                         Path to the CLI config file
20231211T140440+0000   --print-config        Parse the config file and print the values
20231211T140440+0000   --skip-config         Don't parse and use the CLI config file
20231211T140440+0000   --debug               Enable debug mode
20231211T140441+0000 +----------+----------------------------------+
20231211T140441+0000 | Property | Value                            |
20231211T140441+0000 +----------+----------------------------------+
20231211T140441+0000 | user     | st2admin                         |
20231211T140441+0000 | token    | 5025edc1e05d4cbab679d58aea47f9de |
20231211T140441+0000 | expiry   | 2023-12-12T14:04:41.180052Z      |
20231211T140441+0000 +----------+----------------------------------+
20231211T140442+0000 +---------------------+------+-----------------------------------------------+
20231211T140442+0000 | ref                 | pack | description                                   |
20231211T140442+0000 +---------------------+------+-----------------------------------------------+
20231211T140442+0000 | core.announcement   | core | Action that broadcasts the announcement to    |
20231211T140442+0000 |                     |      | all stream consumers.                         |
20231211T140442+0000 | core.ask            | core | Action for initiating an Inquiry (usually in  |
20231211T140442+0000 |                     |      | a workflow)                                   |
20231211T140442+0000 | core.echo           | core | Action that executes the Linux echo command   |
20231211T140442+0000 |                     |      | on the localhost.                             |
20231211T140442+0000 | core.error          | core | Action that executes the Linux echo command   |
20231211T140442+0000 |                     |      | (to stderr) on the localhost.                 |
20231211T140442+0000 | core.http           | core | Action that performs an http request.         |
20231211T140442+0000 | core.inject_trigger | core | Action which injects a new trigger in the     |
20231211T140442+0000 |                     |      | system.                                       |
20231211T140442+0000 | core.local          | core | Action that executes an arbitrary Linux       |
20231211T140442+0000 |                     |      | command on the localhost.                     |
20231211T140442+0000 | core.local_sudo     | core | Action that executes an arbitrary Linux       |
20231211T140442+0000 |                     |      | command on the localhost.                     |
20231211T140442+0000 | core.noop           | core | Action that does nothing                      |
20231211T140442+0000 | core.pause          | core | Action to pause current thread of             |
20231211T140442+0000 |                     |      | workflow/sub-workflow.                        |
20231211T140442+0000 | core.remote         | core | Action to execute arbitrary linux command     |
20231211T140442+0000 |                     |      | remotely.                                     |
20231211T140442+0000 | core.remote_sudo    | core | Action to execute arbitrary linux command     |
20231211T140442+0000 |                     |      | remotely.                                     |
20231211T140442+0000 | core.sendmail       | core | This sends an email                           |
20231211T140442+0000 | core.uuid           | core | Generate a new UUID (default uuid4)           |
20231211T140442+0000 | core.winrm_cmd      | core | Action to execute arbitrary Windows Command   |
20231211T140442+0000 |                     |      | Prompt command remotely via WinRM.            |
20231211T140442+0000 | core.winrm_ps_cmd   | core | Action to execute arbitrary Windows           |
20231211T140442+0000 |                     |      | PowerShell command remotely via WinRM.        |
20231211T140442+0000 +---------------------+------+-----------------------------------------------+
20231211T140444+0000 .
20231211T140444+0000 id: 657716fa3b5c74f2097b23de
20231211T140444+0000 action.ref: core.local
20231211T140444+0000 context.user: st2admin
20231211T140444+0000 parameters: 
20231211T140444+0000   cmd: date -R
20231211T140444+0000 status: succeeded
20231211T140444+0000 start_timestamp: Mon, 11 Dec 2023 14:04:42 UTC
20231211T140444+0000 end_timestamp: Mon, 11 Dec 2023 14:04:43 UTC
20231211T140444+0000 result: 
20231211T140444+0000   failed: false
20231211T140444+0000   return_code: 0
20231211T140444+0000   stderr: ''
20231211T140444+0000   stdout: Mon, 11 Dec 2023 14:04:43 +0000
20231211T140444+0000   succeeded: true
20231211T140445+0000 +--------------------------+------------+--------------+------------------------+--------------------+---------------+
20231211T140445+0000 | id                       | action.ref | context.user | status                 | start_timestamp    | end_timestamp |
20231211T140445+0000 +--------------------------+------------+--------------+------------------------+--------------------+---------------+
20231211T140445+0000 | 657716fa3b5c74f2097b23de | core.local | st2admin     | succeeded (1s elapsed) | Mon, 11 Dec 2023   | Mon, 11 Dec   |
20231211T140445+0000 |                          |            |              |                        | 14:04:42 UTC       | 2023 14:04:43 |
20231211T140445+0000 |                          |            |              |                        |                    | UTC           |
20231211T140445+0000 +--------------------------+------------+--------------+------------------------+--------------------+---------------+
20231211T140447+0000 .
20231211T140447+0000 id: 657716fd3b5c74f2097b23e1
20231211T140447+0000 action.ref: core.remote
20231211T140447+0000 context.user: st2admin
20231211T140447+0000 parameters: 
20231211T140447+0000   cmd: uname -a
20231211T140447+0000   hosts: 127.0.0.1
20231211T140447+0000 status: succeeded
20231211T140447+0000 start_timestamp: Mon, 11 Dec 2023 14:04:45 UTC
20231211T140447+0000 end_timestamp: Mon, 11 Dec 2023 14:04:46 UTC
20231211T140447+0000 result: 
20231211T140447+0000   127.0.0.1:
20231211T140447+0000     failed: false
20231211T140447+0000     return_code: 0
20231211T140447+0000     stderr: ''
20231211T140447+0000     stdout: 'Linux BAOdevVM02 4.18.0-193.28.1.el8_2.x86_64 #1 SMP Thu Oct 22 00:20:22 UTC 2020 x86_64 x86_64 x86_64 GNU/Linux'
20231211T140447+0000     succeeded: true
20231211T140449+0000 +--------------+-------+
20231211T140449+0000 | Property     | Value |
20231211T140449+0000 +--------------+-------+
20231211T140449+0000 | actions      | 24    |
20231211T140449+0000 | aliases      | 12    |
20231211T140449+0000 | configs      | 0     |
20231211T140449+0000 | policies     | 0     |
20231211T140449+0000 | policy_types | 3     |
20231211T140449+0000 | rule_types   | 2     |
20231211T140449+0000 | rules        | 0     |
20231211T140449+0000 | runners      | 14    |
20231211T140449+0000 | sensors      | 0     |
20231211T140449+0000 | triggers     | 0     |
20231211T140449+0000 +--------------+-------+
20231211T140449+0000 Generating a RSA private key
20231211T140449+0000 ...........................+++++
20231211T140449+0000 ......................................................................+++++
20231211T140449+0000 writing new private key to '/etc/ssl/st2/st2.key'
20231211T140449+0000 -----
20231211T140449+0000 creating conf directory
20231211T140449+0000 Created symlink /etc/systemd/system/multi-user.target.wants/nginx.service → /usr/lib/systemd/system/nginx.service.
20231211T140450+0000 ####################### WARNING ########################
20231211T140450+0000 ######## Chatops requires manual configuration #########
20231211T140450+0000 Edit /opt/stackstorm/chatops/st2chatops.env to specify  
20231211T140450+0000 the adapter and settings hubot should use to connect to 
20231211T140450+0000 the chat you're using. Don't forget to start the service
20231211T140450+0000 afterwards:
20231211T140450+0000 
20231211T140450+0000   $ sudo service st2chatops restart
20231211T140450+0000 
20231211T140450+0000 For more information, please refer to documentation at  
20231211T140450+0000 https://docs.stackstorm.com/install/rhel8.html#setup-chatops
20231211T140450+0000 ########################################################
20231211T140450+0000 
20231211T140450+0000 
20231211T140450+0000 ███████╗████████╗██████╗      ██████╗ ██╗  ██╗
20231211T140450+0000 ██╔════╝╚══██╔══╝╚════██╗    ██╔═══██╗██║ ██╔╝
20231211T140450+0000 ███████╗   ██║    █████╔╝    ██║   ██║█████╔╝ 
20231211T140450+0000 ╚════██║   ██║   ██╔═══╝     ██║   ██║██╔═██╗ 
20231211T140450+0000 ███████║   ██║   ███████╗    ╚██████╔╝██║  ██╗
20231211T140450+0000 ╚══════╝   ╚═╝   ╚══════╝     ╚═════╝ ╚═╝  ╚═╝
20231211T140450+0000 
20231211T140450+0000   st2 is installed and ready to use.
20231211T140450+0000 
20231211T140450+0000 Head to https://YOUR_HOST_IP/ to access the WebUI
20231211T140450+0000 
20231211T140450+0000 Don't forget to dive into our documentation! Here are some resources
20231211T140450+0000 for you:
20231211T140450+0000 
20231211T140450+0000 * Documentation  - https://docs.stackstorm.com
20231211T140450+0000 * Pack Exchange - https://exchange.stackstorm.org/
20231211T140450+0000 
20231211T140450+0000 Thanks for installing StackStorm! Come visit us in our Slack Channel
20231211T140450+0000 and tell us how it's going. We'd love to hear from you!
20231211T140450+0000 http://stackstorm.com/community-signup
